app/build/intermediates/manifest_merge_blame_file/debug/manifest-merger-blame-debug-report.txt
1<?xml version="1.0" encoding="utf-8"?>
2<manifest xmlns:android="http://schemas.android.com/apk/res/android"
3    package="com.example.chaloapp"
4    android:versionCode="1"
5    android:versionName="1.0" >
6
7    <uses-sdk
8        android:minSdkVersion="21"
8-->src\main\AndroidManifest.xml
9        android:targetSdkVersion="29" />
9-->src\main\AndroidManifest.xml
10    <!--
11         The ACCESS_COARSE/FINE_LOCATION permissions are not required to use
12         Google Maps Android API v2, but you must specify either coarse or fine
13         location permissions for the 'MyLocation' functionality.
14    -->
15    <uses-permission android:name="android.permission.ACCESS_FINE_LOCATION" />
15-->src\main\AndroidManifest.xml:9:5-79
15-->src\main\AndroidManifest.xml:9:22-76
16    <uses-permission android:name="android.permission.ACCESS_WIFI_STATE" />
16-->[com.google.android.libraries.places:places:2.0.0] AndroidManifest.xml:10:5-76
16-->[com.google.android.libraries.places:places:2.0.0] AndroidManifest.xml:10:22-73
17    <uses-permission android:name="android.permission.INTERNET" /> <!-- Include required permissions for Google Maps API to run. -->
17-->[com.google.android.libraries.places:places:2.0.0] AndroidManifest.xml:11:5-67
17-->[com.google.android.libraries.places:places:2.0.0] AndroidManifest.xml:11:22-64
18    <uses-permission android:name="android.permission.ACCESS_NETWORK_STATE" />
18-->[com.google.android.gms:play-services-maps:17.0.0] AndroidManifest.xml:23:5-79
18-->[com.google.android.gms:play-services-maps:17.0.0] AndroidManifest.xml:23:22-76
19
20    <uses-feature
20-->[com.google.android.gms:play-services-maps:17.0.0] AndroidManifest.xml:26:5-28:35
21        android:glEsVersion="0x00020000"
21-->[com.google.android.gms:play-services-maps:17.0.0] AndroidManifest.xml:27:9-41
22        android:required="true" />
22-->[com.google.android.gms:play-services-maps:17.0.0] AndroidManifest.xml:28:9-32
23
24    <application
24-->src\main\AndroidManifest.xml:11:5-45:19
25        android:allowBackup="true"
25-->src\main\AndroidManifest.xml:12:9-35
26        android:appComponentFactory="androidx.core.app.CoreComponentFactory"
26-->[androidx.core:core:1.1.0] AndroidManifest.xml:24:18-86
27        android:debuggable="true"
28        android:icon="@mipmap/ic_launcher"
28-->src\main\AndroidManifest.xml:13:9-43
29        android:label="@string/app_name"
29-->src\main\AndroidManifest.xml:14:9-41
30        android:roundIcon="@mipmap/ic_launcher_round"
30-->src\main\AndroidManifest.xml:15:9-54
31        android:supportsRtl="true"
31-->src\main\AndroidManifest.xml:16:9-35
32        android:theme="@style/AppTheme" >
32-->src\main\AndroidManifest.xml:17:9-40
33        <activity android:name="com.example.chaloapp.MainActivity" >
33-->src\main\AndroidManifest.xml:18:9-24:20
33-->src\main\AndroidManifest.xml:18:19-47
34            <intent-filter>
34-->src\main\AndroidManifest.xml:19:13-23:29
35                <action android:name="android.intent.action.MAIN" />
35-->src\main\AndroidManifest.xml:20:17-69
35-->src\main\AndroidManifest.xml:20:25-66
36
37                <category android:name="android.intent.category.LAUNCHER" />
37-->src\main\AndroidManifest.xml:22:17-77
37-->src\main\AndroidManifest.xml:22:27-74
38            </intent-filter>
39        </activity>
40        <!--
41             The API key for Google Maps-based APIs is defined as a string resource.
42             (See the file "res/values/google_maps_api.xml").
43             Note that the API key is linked to the encryption key used to sign the APK.
44             You need a different API key for each encryption key, including the release key that is used to
45             sign the APK for publishing.
46             You can define the keys for the debug and release targets in src/debug/ and src/release/.
47        -->
48        <meta-data
48-->src\main\AndroidManifest.xml:33:9-35:69
49            android:name="com.google.android.gms.version"
49-->src\main\AndroidManifest.xml:34:13-58
50            android:value="@integer/google_play_services_version" />
50-->src\main\AndroidManifest.xml:35:13-66
51        <meta-data
51-->src\main\AndroidManifest.xml:36:9-38:55
52            android:name="com.google.android.geo.API_KEY"
52-->src\main\AndroidManifest.xml:37:13-58
53            android:value="@string/google_maps_key" />
53-->src\main\AndroidManifest.xml:38:13-52
54
55        <activity
55-->src\main\AndroidManifest.xml:40:9-44:20
56            android:name="com.example.chaloapp.MapsActivity"
56-->src\main\AndroidManifest.xml:41:13-41
57            android:label="@string/title_activity_maps" >
57-->src\main\AndroidManifest.xml:42:13-56
58        </activity>
59        <!-- Autocomplete -->
60        <activity
60-->[com.google.android.libraries.places:places:2.0.0] AndroidManifest.xml:16:9-23:20
61            android:name="com.google.android.libraries.places.widget.AutocompleteActivity"
61-->[com.google.android.libraries.places:places:2.0.0] AndroidManifest.xml:17:13-91
62            android:exported="false"
62-->[com.google.android.libraries.places:places:2.0.0] AndroidManifest.xml:18:13-37
63            android:hardwareAccelerated="true"
63-->[com.google.android.libraries.places:places:2.0.0] AndroidManifest.xml:19:13-47
64            android:label="@string/places_autocomplete_label"
64-->[com.google.android.libraries.places:places:2.0.0] AndroidManifest.xml:20:13-62
65            android:theme="@style/PlacesAutocompleteThemeOverlay"
65-->[com.google.android.libraries.places:places:2.0.0] AndroidManifest.xml:21:13-66
66            android:windowSoftInputMode="stateAlwaysVisible|adjustPan" >
66-->[com.google.android.libraries.places:places:2.0.0] AndroidManifest.xml:22:13-71
67        </activity> <!-- Needs to be explicitly declared on P+ -->
68        <uses-library
68-->[com.google.android.gms:play-services-maps:17.0.0] AndroidManifest.xml:33:9-35:40
69            android:name="org.apache.http.legacy"
69-->[com.google.android.gms:play-services-maps:17.0.0] AndroidManifest.xml:34:13-50
70            android:required="false" />
70-->[com.google.android.gms:play-services-maps:17.0.0] AndroidManifest.xml:35:13-37
71
72        <activity
72-->[com.google.android.gms:play-services-base:17.0.0] AndroidManifest.xml:23:9-26:75
73            android:name="com.google.android.gms.common.api.GoogleApiActivity"
73-->[com.google.android.gms:play-services-base:17.0.0] AndroidManifest.xml:24:13-79
74            android:exported="false"
74-->[com.google.android.gms:play-services-base:17.0.0] AndroidManifest.xml:25:13-37
75            android:theme="@android:style/Theme.Translucent.NoTitleBar" />
75-->[com.google.android.gms:play-services-base:17.0.0] AndroidManifest.xml:26:13-72
76    </application>
77
78</manifest>